00:00:12.631 [main] INFO  c.e.m.MoneyTransferServiceApplication - Starting MoneyTransferServiceApplication using Java 17.0.6 with PID 1769 (/Users/dmitrijvorobev/Desktop/Netology/MoneyTransferService/target/classes started by dmitrijvorobev in /Users/dmitrijvorobev/Desktop/Netology/MoneyTransferService)
00:00:12.638 [main] INFO  c.e.m.MoneyTransferServiceApplication - No active profile set, falling back to 1 default profile: "default"
00:00:14.278 [main] INFO  o.a.catalina.core.StandardService - Starting service [Tomcat]
00:00:14.278 [main] INFO  o.a.catalina.core.StandardEngine - Starting Servlet engine: [Apache Tomcat/10.1.5]
00:00:14.354 [main] INFO  o.a.c.c.C.[Tomcat].[localhost].[/] - Initializing Spring embedded WebApplicationContext
00:00:15.113 [main] INFO  c.e.m.MoneyTransferServiceApplication - Started MoneyTransferServiceApplication in 3.069 seconds (process running for 3.746)
00:00:15.676 [RMI TCP Connection(1)-127.0.0.1] INFO  o.a.c.c.C.[Tomcat].[localhost].[/] - Initializing Spring DispatcherServlet 'dispatcherServlet'
00:00:29.784 [http-nio-5500-exec-1] INFO  c.e.m.controller.TransferController - Post request on endpoint "/transfer": TransferMoney[cardFromNumber=5453345345435345, cardFromValidTill=05/25, cardFromCVV=543, cardToNumber=4324234243243242, amount=Amount[value=444000, currency=RUR]]
00:00:29.804 [http-nio-5500-exec-1] INFO  c.e.m.service.TransferServiceImpl - Запрос на перевод денежных средств направлен. Код операции: 303b92fe-31a4-425d-8068-de330d5fbbd5
00:00:29.852 [http-nio-5500-exec-2] INFO  c.e.m.controller.TransferController - Post request on endpoint "/confirmOperation": TransferOperation(operationId=303b92fe-31a4-425d-8068-de330d5fbbd5, code=0000)
00:00:29.853 [http-nio-5500-exec-2] INFO  c.e.m.service.TransferServiceImpl - Транзакция успешно проведена! Код операции: 303b92fe-31a4-425d-8068-de330d5fbbd5
00:07:02.912 [main] INFO  c.e.m.MoneyTransferServiceApplication - Starting MoneyTransferServiceApplication using Java 17.0.6 with PID 1854 (/Users/dmitrijvorobev/Desktop/Netology/MoneyTransferService/target/classes started by dmitrijvorobev in /Users/dmitrijvorobev/Desktop/Netology/MoneyTransferService)
00:07:02.918 [main] INFO  c.e.m.MoneyTransferServiceApplication - No active profile set, falling back to 1 default profile: "default"
00:07:04.506 [main] INFO  o.a.catalina.core.StandardService - Starting service [Tomcat]
00:07:04.507 [main] INFO  o.a.catalina.core.StandardEngine - Starting Servlet engine: [Apache Tomcat/10.1.5]
00:07:04.599 [main] INFO  o.a.c.c.C.[Tomcat].[localhost].[/] - Initializing Spring embedded WebApplicationContext
00:07:05.428 [main] INFO  c.e.m.MoneyTransferServiceApplication - Started MoneyTransferServiceApplication in 3.117 seconds (process running for 3.958)
00:07:06.111 [RMI TCP Connection(6)-127.0.0.1] INFO  o.a.c.c.C.[Tomcat].[localhost].[/] - Initializing Spring DispatcherServlet 'dispatcherServlet'
00:07:11.091 [http-nio-5500-exec-1] INFO  c.e.m.controller.TransferController - Post request on endpoint "/transfer": TransferMoney[cardFromNumber=4875130166305242, cardFromValidTill=05/26, cardFromCVV=123, cardToNumber=4832137002407281, amount=Amount[value=100, currency=RUB]]
00:07:11.128 [http-nio-5500-exec-1] INFO  c.e.m.service.TransferServiceImpl - Запрос на перевод денежных средств направлен. Код операции: 1244bae1-3e3b-4c13-9c24-ffa4f7f7f6e0
00:07:11.855 [http-nio-5500-exec-3] INFO  c.e.m.controller.TransferController - Post request on endpoint "/transfer": TransferMoney[cardFromNumber=4875130166305242, cardFromValidTill=05/26, cardFromCVV=123, cardToNumber=4832137002407281, amount=Amount[value=100, currency=RUB]]
00:07:11.856 [http-nio-5500-exec-3] INFO  c.e.m.service.TransferServiceImpl - Запрос на перевод денежных средств направлен. Код операции: 7ffc0890-126d-4371-93fe-f23272f9c88d
00:07:12.557 [http-nio-5500-exec-4] INFO  c.e.m.controller.TransferController - Post request on endpoint "/transfer": TransferMoney[cardFromNumber=4875130166305242, cardFromValidTill=05/26, cardFromCVV=123, cardToNumber=4832137002407281, amount=Amount[value=100, currency=RUB]]
00:07:12.558 [http-nio-5500-exec-4] INFO  c.e.m.service.TransferServiceImpl - Запрос на перевод денежных средств направлен. Код операции: b9e0e8f7-0c95-429d-8a65-36e6980d1f30
00:07:13.212 [http-nio-5500-exec-5] INFO  c.e.m.controller.TransferController - Post request on endpoint "/transfer": TransferMoney[cardFromNumber=4875130166305242, cardFromValidTill=05/26, cardFromCVV=123, cardToNumber=4832137002407281, amount=Amount[value=100, currency=RUB]]
00:07:13.213 [http-nio-5500-exec-5] INFO  c.e.m.service.TransferServiceImpl - Запрос на перевод денежных средств направлен. Код операции: faacb2eb-a118-4761-9375-e38dee73541a
00:07:13.934 [http-nio-5500-exec-6] INFO  c.e.m.controller.TransferController - Post request on endpoint "/transfer": TransferMoney[cardFromNumber=4875130166305242, cardFromValidTill=05/26, cardFromCVV=123, cardToNumber=4832137002407281, amount=Amount[value=100, currency=RUB]]
00:07:13.935 [http-nio-5500-exec-6] INFO  c.e.m.service.TransferServiceImpl - Запрос на перевод денежных средств направлен. Код операции: bad5cc1c-e3a1-48fd-a328-2e0ffc0a8e6b
00:07:14.645 [http-nio-5500-exec-7] INFO  c.e.m.controller.TransferController - Post request on endpoint "/transfer": TransferMoney[cardFromNumber=4875130166305242, cardFromValidTill=05/26, cardFromCVV=123, cardToNumber=4832137002407281, amount=Amount[value=100, currency=RUB]]
00:07:14.646 [http-nio-5500-exec-7] INFO  c.e.m.service.TransferServiceImpl - Запрос на перевод денежных средств направлен. Код операции: 56a354c2-e29e-444c-8b40-7e78b0387922
00:07:15.584 [http-nio-5500-exec-8] INFO  c.e.m.controller.TransferController - Post request on endpoint "/transfer": TransferMoney[cardFromNumber=4875130166305242, cardFromValidTill=05/26, cardFromCVV=123, cardToNumber=4832137002407281, amount=Amount[value=100, currency=RUB]]
00:07:15.587 [http-nio-5500-exec-8] INFO  c.e.m.service.TransferServiceImpl - Запрос на перевод денежных средств направлен. Код операции: ca28965a-9d21-4fb4-b52c-1c22910ea403
00:07:16.371 [http-nio-5500-exec-9] INFO  c.e.m.controller.TransferController - Post request on endpoint "/transfer": TransferMoney[cardFromNumber=4875130166305242, cardFromValidTill=05/26, cardFromCVV=123, cardToNumber=4832137002407281, amount=Amount[value=100, currency=RUB]]
00:07:16.373 [http-nio-5500-exec-9] INFO  c.e.m.service.TransferServiceImpl - Запрос на перевод денежных средств направлен. Код операции: e0ef97cf-4d3d-4549-9254-09b6c45349aa
00:07:34.838 [http-nio-5500-exec-10] INFO  c.e.m.controller.TransferController - Post request on endpoint "/transfer": TransferMoney[cardFromNumber=4333434343343443, cardFromValidTill=04/27, cardFromCVV=434, cardToNumber=4334344343434343, amount=Amount[value=44400, currency=RUR]]
00:07:34.839 [http-nio-5500-exec-10] INFO  c.e.m.service.TransferServiceImpl - Запрос на перевод денежных средств направлен. Код операции: 41132330-5177-40d9-8476-1977349a21f8
00:07:34.854 [http-nio-5500-exec-2] INFO  c.e.m.controller.TransferController - Post request on endpoint "/confirmOperation": TransferOperation(operationId=41132330-5177-40d9-8476-1977349a21f8, code=0000)
00:07:34.855 [http-nio-5500-exec-2] INFO  c.e.m.service.TransferServiceImpl - Транзакция успешно проведена! Код операции: 41132330-5177-40d9-8476-1977349a21f8
00:07:57.835 [http-nio-5500-exec-1] INFO  c.e.m.controller.TransferController - Post request on endpoint "/transfer": TransferMoney[cardFromNumber=3434334343434433, cardFromValidTill=02/27, cardFromCVV=433, cardToNumber=4334344343434343, amount=Amount[value=434400, currency=RUR]]
00:07:57.837 [http-nio-5500-exec-1] INFO  c.e.m.service.TransferServiceImpl - Запрос на перевод денежных средств направлен. Код операции: fe9c4225-9604-4a07-9b39-982b8ce14075
00:07:57.856 [http-nio-5500-exec-3] INFO  c.e.m.controller.TransferController - Post request on endpoint "/confirmOperation": TransferOperation(operationId=fe9c4225-9604-4a07-9b39-982b8ce14075, code=0000)
00:07:57.857 [http-nio-5500-exec-3] INFO  c.e.m.service.TransferServiceImpl - Транзакция успешно проведена! Код операции: fe9c4225-9604-4a07-9b39-982b8ce14075
00:10:31.989 [main] INFO  c.e.m.MoneyTransferServiceApplication - Starting MoneyTransferServiceApplication using Java 17.0.6 with PID 1870 (/Users/dmitrijvorobev/Desktop/Netology/MoneyTransferService/target/classes started by dmitrijvorobev in /Users/dmitrijvorobev/Desktop/Netology/MoneyTransferService)
00:10:31.994 [main] INFO  c.e.m.MoneyTransferServiceApplication - No active profile set, falling back to 1 default profile: "default"
00:10:33.581 [main] INFO  o.a.catalina.core.StandardService - Starting service [Tomcat]
00:10:33.581 [main] INFO  o.a.catalina.core.StandardEngine - Starting Servlet engine: [Apache Tomcat/10.1.5]
00:10:33.674 [main] INFO  o.a.c.c.C.[Tomcat].[localhost].[/] - Initializing Spring embedded WebApplicationContext
00:10:34.436 [main] INFO  c.e.m.MoneyTransferServiceApplication - Started MoneyTransferServiceApplication in 3.056 seconds (process running for 3.916)
00:10:35.102 [RMI TCP Connection(1)-127.0.0.1] INFO  o.a.c.c.C.[Tomcat].[localhost].[/] - Initializing Spring DispatcherServlet 'dispatcherServlet'
00:10:52.831 [http-nio-5500-exec-1] INFO  c.e.m.controller.TransferController - Post request on endpoint "/transfer": TransferMoney[cardFromNumber=4334343434434343, cardFromValidTill=02/26, cardFromCVV=444, cardToNumber=4343534534543534, amount=Amount[value=434000, currency=RUR]]
00:10:52.854 [http-nio-5500-exec-1] INFO  c.e.m.service.TransferServiceImpl - Запрос на перевод денежных средств направлен. Код операции: 4346c113-4173-42ef-a65a-80e851fd202e
00:10:52.898 [http-nio-5500-exec-2] INFO  c.e.m.controller.TransferController - Post request on endpoint "/confirmOperation": TransferOperation[operationId=4346c113-4173-42ef-a65a-80e851fd202e, code=0000]
00:10:52.899 [http-nio-5500-exec-2] INFO  c.e.m.service.TransferServiceImpl - Транзакция успешно проведена! Код операции: 4346c113-4173-42ef-a65a-80e851fd202e
00:11:12.110 [http-nio-5500-exec-3] INFO  c.e.m.controller.TransferController - Post request on endpoint "/transfer": TransferMoney[cardFromNumber=4334543545453453, cardFromValidTill=02/27, cardFromCVV=444, cardToNumber=5345345355435545, amount=Amount[value=444400, currency=RUR]]
00:11:12.113 [http-nio-5500-exec-3] INFO  c.e.m.service.TransferServiceImpl - Запрос на перевод денежных средств направлен. Код операции: 28b1264d-1d5a-4949-9d7c-77626a1340ee
00:11:12.126 [http-nio-5500-exec-4] INFO  c.e.m.controller.TransferController - Post request on endpoint "/confirmOperation": TransferOperation[operationId=28b1264d-1d5a-4949-9d7c-77626a1340ee, code=0000]
00:11:12.126 [http-nio-5500-exec-4] INFO  c.e.m.service.TransferServiceImpl - Транзакция успешно проведена! Код операции: 28b1264d-1d5a-4949-9d7c-77626a1340ee
00:24:25.441 [main] INFO  c.e.m.MoneyTransferServiceImplApplicationTests - Starting MoneyTransferServiceImplApplicationTests using Java 17.0.6 with PID 2805 (started by dmitrijvorobev in /Users/dmitrijvorobev/Desktop/Netology/MoneyTransferService)
00:24:25.444 [main] INFO  c.e.m.MoneyTransferServiceImplApplicationTests - No active profile set, falling back to 1 default profile: "default"
00:24:27.757 [main] INFO  o.a.catalina.core.StandardService - Starting service [Tomcat]
00:24:27.758 [main] INFO  o.a.catalina.core.StandardEngine - Starting Servlet engine: [Apache Tomcat/10.1.5]
00:24:27.864 [main] INFO  o.a.c.c.C.[Tomcat].[localhost].[/] - Initializing Spring embedded WebApplicationContext
00:24:28.919 [main] INFO  c.e.m.MoneyTransferServiceImplApplicationTests - Started MoneyTransferServiceImplApplicationTests in 3.997 seconds (process running for 11.066)
00:25:01.689 [main] INFO  c.e.m.MoneyTransferServiceImplApplicationTests - Starting MoneyTransferServiceImplApplicationTests using Java 17.0.6 with PID 2856 (started by dmitrijvorobev in /Users/dmitrijvorobev/Desktop/Netology/MoneyTransferService)
00:25:01.700 [main] INFO  c.e.m.MoneyTransferServiceImplApplicationTests - No active profile set, falling back to 1 default profile: "default"
00:25:03.947 [main] INFO  o.a.catalina.core.StandardService - Starting service [Tomcat]
00:25:03.949 [main] INFO  o.a.catalina.core.StandardEngine - Starting Servlet engine: [Apache Tomcat/10.1.5]
00:25:04.048 [main] INFO  o.a.c.c.C.[Tomcat].[localhost].[/] - Initializing Spring embedded WebApplicationContext
00:25:04.975 [main] INFO  c.e.m.MoneyTransferServiceImplApplicationTests - Started MoneyTransferServiceImplApplicationTests in 3.811 seconds (process running for 10.789)
00:25:26.529 [main] INFO  c.e.m.MoneyTransferServiceImplApplicationTests - Starting MoneyTransferServiceImplApplicationTests using Java 17.0.6 with PID 2904 (started by dmitrijvorobev in /Users/dmitrijvorobev/Desktop/Netology/MoneyTransferService)
00:25:26.533 [main] INFO  c.e.m.MoneyTransferServiceImplApplicationTests - No active profile set, falling back to 1 default profile: "default"
00:25:28.848 [main] INFO  o.a.catalina.core.StandardService - Starting service [Tomcat]
00:25:28.849 [main] INFO  o.a.catalina.core.StandardEngine - Starting Servlet engine: [Apache Tomcat/10.1.5]
00:25:28.957 [main] INFO  o.a.c.c.C.[Tomcat].[localhost].[/] - Initializing Spring embedded WebApplicationContext
00:25:29.893 [main] INFO  c.e.m.MoneyTransferServiceImplApplicationTests - Started MoneyTransferServiceImplApplicationTests in 3.865 seconds (process running for 10.917)
00:34:57.569 [main] INFO  c.e.m.MoneyTransferServiceImplApplicationTests - Starting MoneyTransferServiceImplApplicationTests using Java 17.0.6 with PID 3485 (started by dmitrijvorobev in /Users/dmitrijvorobev/Desktop/Netology/MoneyTransferService)
00:34:57.571 [main] INFO  c.e.m.MoneyTransferServiceImplApplicationTests - No active profile set, falling back to 1 default profile: "default"
00:34:59.509 [main] INFO  o.a.catalina.core.StandardService - Starting service [Tomcat]
00:34:59.510 [main] INFO  o.a.catalina.core.StandardEngine - Starting Servlet engine: [Apache Tomcat/10.1.5]
00:34:59.623 [main] INFO  o.a.c.c.C.[Tomcat].[localhost].[/] - Initializing Spring embedded WebApplicationContext
00:35:00.428 [main] INFO  c.e.m.MoneyTransferServiceImplApplicationTests - Started MoneyTransferServiceImplApplicationTests in 3.267 seconds (process running for 9.713)
00:35:48.511 [main] INFO  c.e.m.MoneyTransferServiceImplApplicationTests - Starting MoneyTransferServiceImplApplicationTests using Java 17.0.6 with PID 3546 (started by dmitrijvorobev in /Users/dmitrijvorobev/Desktop/Netology/MoneyTransferService)
00:35:48.515 [main] INFO  c.e.m.MoneyTransferServiceImplApplicationTests - No active profile set, falling back to 1 default profile: "default"
00:35:50.374 [main] INFO  o.a.catalina.core.StandardService - Starting service [Tomcat]
00:35:50.375 [main] INFO  o.a.catalina.core.StandardEngine - Starting Servlet engine: [Apache Tomcat/10.1.5]
00:35:50.460 [main] INFO  o.a.c.c.C.[Tomcat].[localhost].[/] - Initializing Spring embedded WebApplicationContext
00:35:51.254 [main] INFO  c.e.m.MoneyTransferServiceImplApplicationTests - Started MoneyTransferServiceImplApplicationTests in 3.197 seconds (process running for 9.557)
00:36:23.484 [main] INFO  c.e.m.MoneyTransferServiceImplApplicationTests - Starting MoneyTransferServiceImplApplicationTests using Java 17.0.6 with PID 3600 (started by dmitrijvorobev in /Users/dmitrijvorobev/Desktop/Netology/MoneyTransferService)
00:36:23.486 [main] INFO  c.e.m.MoneyTransferServiceImplApplicationTests - No active profile set, falling back to 1 default profile: "default"
00:36:25.313 [main] INFO  o.a.catalina.core.StandardService - Starting service [Tomcat]
00:36:25.314 [main] INFO  o.a.catalina.core.StandardEngine - Starting Servlet engine: [Apache Tomcat/10.1.5]
00:36:25.398 [main] INFO  o.a.c.c.C.[Tomcat].[localhost].[/] - Initializing Spring embedded WebApplicationContext
00:36:26.157 [main] INFO  c.e.m.MoneyTransferServiceImplApplicationTests - Started MoneyTransferServiceImplApplicationTests in 3.108 seconds (process running for 9.571)
00:42:51.303 [main] INFO  c.e.m.MoneyTransferServiceImplApplicationTests - Starting MoneyTransferServiceImplApplicationTests using Java 17.0.6 with PID 4165 (started by dmitrijvorobev in /Users/dmitrijvorobev/Desktop/Netology/MoneyTransferService)
00:42:51.305 [main] INFO  c.e.m.MoneyTransferServiceImplApplicationTests - No active profile set, falling back to 1 default profile: "default"
00:42:53.216 [main] INFO  o.a.catalina.core.StandardService - Starting service [Tomcat]
00:42:53.217 [main] INFO  o.a.catalina.core.StandardEngine - Starting Servlet engine: [Apache Tomcat/10.1.5]
00:42:53.298 [main] INFO  o.a.c.c.C.[Tomcat].[localhost].[/] - Initializing Spring embedded WebApplicationContext
00:42:54.043 [main] INFO  c.e.m.MoneyTransferServiceImplApplicationTests - Started MoneyTransferServiceImplApplicationTests in 3.156 seconds (process running for 9.795)
00:45:58.586 [main] INFO  c.e.m.i.MoneyTransferServiceImplApplicationTests - Starting MoneyTransferServiceImplApplicationTests using Java 17.0.6 with PID 4349 (started by dmitrijvorobev in /Users/dmitrijvorobev/Desktop/Netology/MoneyTransferService)
00:45:58.588 [main] INFO  c.e.m.i.MoneyTransferServiceImplApplicationTests - No active profile set, falling back to 1 default profile: "default"
00:46:00.484 [main] INFO  o.a.catalina.core.StandardService - Starting service [Tomcat]
00:46:00.485 [main] INFO  o.a.catalina.core.StandardEngine - Starting Servlet engine: [Apache Tomcat/10.1.5]
00:46:00.575 [main] INFO  o.a.c.c.C.[Tomcat].[localhost].[/] - Initializing Spring embedded WebApplicationContext
00:46:01.278 [main] INFO  c.e.m.i.MoneyTransferServiceImplApplicationTests - Started MoneyTransferServiceImplApplicationTests in 3.089 seconds (process running for 9.411)
00:46:22.466 [main] INFO  c.e.m.i.MoneyTransferServiceImplApplicationTests - Starting MoneyTransferServiceImplApplicationTests using Java 17.0.6 with PID 4391 (started by dmitrijvorobev in /Users/dmitrijvorobev/Desktop/Netology/MoneyTransferService)
00:46:22.484 [main] INFO  c.e.m.i.MoneyTransferServiceImplApplicationTests - No active profile set, falling back to 1 default profile: "default"
00:46:24.423 [main] INFO  o.a.catalina.core.StandardService - Starting service [Tomcat]
00:46:24.424 [main] INFO  o.a.catalina.core.StandardEngine - Starting Servlet engine: [Apache Tomcat/10.1.5]
00:46:24.509 [main] INFO  o.a.c.c.C.[Tomcat].[localhost].[/] - Initializing Spring embedded WebApplicationContext
00:46:25.322 [main] INFO  c.e.m.i.MoneyTransferServiceImplApplicationTests - Started MoneyTransferServiceImplApplicationTests in 3.272 seconds (process running for 9.52)
00:46:49.337 [main] INFO  c.e.m.i.MoneyTransferServiceImplApplicationTests - Starting MoneyTransferServiceImplApplicationTests using Java 17.0.6 with PID 4432 (started by dmitrijvorobev in /Users/dmitrijvorobev/Desktop/Netology/MoneyTransferService)
00:46:49.343 [main] INFO  c.e.m.i.MoneyTransferServiceImplApplicationTests - No active profile set, falling back to 1 default profile: "default"
00:46:51.234 [main] INFO  o.a.catalina.core.StandardService - Starting service [Tomcat]
00:46:51.235 [main] INFO  o.a.catalina.core.StandardEngine - Starting Servlet engine: [Apache Tomcat/10.1.5]
00:46:51.314 [main] INFO  o.a.c.c.C.[Tomcat].[localhost].[/] - Initializing Spring embedded WebApplicationContext
00:46:52.138 [main] INFO  c.e.m.i.MoneyTransferServiceImplApplicationTests - Started MoneyTransferServiceImplApplicationTests in 3.228 seconds (process running for 9.458)
00:51:11.323 [main] INFO  c.e.m.i.MoneyTransferServiceImplApplicationTests - Starting MoneyTransferServiceImplApplicationTests using Java 17.0.6 with PID 4682 (started by dmitrijvorobev in /Users/dmitrijvorobev/Desktop/Netology/MoneyTransferService)
00:51:11.327 [main] INFO  c.e.m.i.MoneyTransferServiceImplApplicationTests - No active profile set, falling back to 1 default profile: "default"
00:51:13.173 [main] INFO  o.a.catalina.core.StandardService - Starting service [Tomcat]
00:51:13.173 [main] INFO  o.a.catalina.core.StandardEngine - Starting Servlet engine: [Apache Tomcat/10.1.5]
00:51:13.269 [main] INFO  o.a.c.c.C.[Tomcat].[localhost].[/] - Initializing Spring embedded WebApplicationContext
00:51:14.064 [main] INFO  c.e.m.i.MoneyTransferServiceImplApplicationTests - Started MoneyTransferServiceImplApplicationTests in 3.177 seconds (process running for 9.738)
00:51:52.606 [main] INFO  c.e.m.i.MoneyTransferServiceImplApplicationTests - Starting MoneyTransferServiceImplApplicationTests using Java 17.0.6 with PID 4739 (started by dmitrijvorobev in /Users/dmitrijvorobev/Desktop/Netology/MoneyTransferService)
00:51:52.608 [main] INFO  c.e.m.i.MoneyTransferServiceImplApplicationTests - No active profile set, falling back to 1 default profile: "default"
00:51:54.616 [main] INFO  o.a.catalina.core.StandardService - Starting service [Tomcat]
00:51:54.617 [main] INFO  o.a.catalina.core.StandardEngine - Starting Servlet engine: [Apache Tomcat/10.1.5]
00:51:54.697 [main] INFO  o.a.c.c.C.[Tomcat].[localhost].[/] - Initializing Spring embedded WebApplicationContext
00:51:55.570 [main] INFO  c.e.m.i.MoneyTransferServiceImplApplicationTests - Started MoneyTransferServiceImplApplicationTests in 3.39 seconds (process running for 9.74)
00:52:21.821 [main] INFO  c.e.m.i.MoneyTransferServiceImplApplicationTests - Starting MoneyTransferServiceImplApplicationTests using Java 17.0.6 with PID 4782 (started by dmitrijvorobev in /Users/dmitrijvorobev/Desktop/Netology/MoneyTransferService)
00:52:21.824 [main] INFO  c.e.m.i.MoneyTransferServiceImplApplicationTests - No active profile set, falling back to 1 default profile: "default"
00:52:23.745 [main] INFO  o.a.catalina.core.StandardService - Starting service [Tomcat]
00:52:23.746 [main] INFO  o.a.catalina.core.StandardEngine - Starting Servlet engine: [Apache Tomcat/10.1.5]
00:52:23.833 [main] INFO  o.a.c.c.C.[Tomcat].[localhost].[/] - Initializing Spring embedded WebApplicationContext
00:52:24.834 [main] INFO  c.e.m.i.MoneyTransferServiceImplApplicationTests - Started MoneyTransferServiceImplApplicationTests in 3.426 seconds (process running for 9.701)
00:52:45.497 [main] INFO  c.e.m.i.MoneyTransferServiceImplApplicationTests - Starting MoneyTransferServiceImplApplicationTests using Java 17.0.6 with PID 4821 (started by dmitrijvorobev in /Users/dmitrijvorobev/Desktop/Netology/MoneyTransferService)
00:52:45.501 [main] INFO  c.e.m.i.MoneyTransferServiceImplApplicationTests - No active profile set, falling back to 1 default profile: "default"
00:52:47.385 [main] INFO  o.a.catalina.core.StandardService - Starting service [Tomcat]
00:52:47.386 [main] INFO  o.a.catalina.core.StandardEngine - Starting Servlet engine: [Apache Tomcat/10.1.5]
00:52:47.470 [main] INFO  o.a.c.c.C.[Tomcat].[localhost].[/] - Initializing Spring embedded WebApplicationContext
00:52:48.235 [main] INFO  c.e.m.i.MoneyTransferServiceImplApplicationTests - Started MoneyTransferServiceImplApplicationTests in 3.175 seconds (process running for 9.373)
00:53:48.448 [main] INFO  c.e.m.i.MoneyTransferServiceImplApplicationTests - Starting MoneyTransferServiceImplApplicationTests using Java 17.0.6 with PID 4895 (started by dmitrijvorobev in /Users/dmitrijvorobev/Desktop/Netology/MoneyTransferService)
00:53:48.451 [main] INFO  c.e.m.i.MoneyTransferServiceImplApplicationTests - No active profile set, falling back to 1 default profile: "default"
00:53:50.366 [main] INFO  o.a.catalina.core.StandardService - Starting service [Tomcat]
00:53:50.367 [main] INFO  o.a.catalina.core.StandardEngine - Starting Servlet engine: [Apache Tomcat/10.1.5]
00:53:50.456 [main] INFO  o.a.c.c.C.[Tomcat].[localhost].[/] - Initializing Spring embedded WebApplicationContext
00:53:51.422 [main] INFO  c.e.m.i.MoneyTransferServiceImplApplicationTests - Started MoneyTransferServiceImplApplicationTests in 3.398 seconds (process running for 9.736)
00:54:28.615 [main] INFO  c.e.m.i.MoneyTransferServiceImplApplicationTests - Starting MoneyTransferServiceImplApplicationTests using Java 17.0.6 with PID 4950 (started by dmitrijvorobev in /Users/dmitrijvorobev/Desktop/Netology/MoneyTransferService)
00:54:28.618 [main] INFO  c.e.m.i.MoneyTransferServiceImplApplicationTests - No active profile set, falling back to 1 default profile: "default"
00:54:30.500 [main] INFO  o.a.catalina.core.StandardService - Starting service [Tomcat]
00:54:30.501 [main] INFO  o.a.catalina.core.StandardEngine - Starting Servlet engine: [Apache Tomcat/10.1.5]
00:54:30.591 [main] INFO  o.a.c.c.C.[Tomcat].[localhost].[/] - Initializing Spring embedded WebApplicationContext
00:54:31.405 [main] INFO  c.e.m.i.MoneyTransferServiceImplApplicationTests - Started MoneyTransferServiceImplApplicationTests in 3.218 seconds (process running for 9.448)
00:54:59.177 [main] INFO  c.e.m.i.MoneyTransferServiceImplApplicationTests - Starting MoneyTransferServiceImplApplicationTests using Java 17.0.6 with PID 4995 (started by dmitrijvorobev in /Users/dmitrijvorobev/Desktop/Netology/MoneyTransferService)
00:54:59.199 [main] INFO  c.e.m.i.MoneyTransferServiceImplApplicationTests - No active profile set, falling back to 1 default profile: "default"
00:55:01.096 [main] INFO  o.a.catalina.core.StandardService - Starting service [Tomcat]
00:55:01.097 [main] INFO  o.a.catalina.core.StandardEngine - Starting Servlet engine: [Apache Tomcat/10.1.5]
00:55:01.184 [main] INFO  o.a.c.c.C.[Tomcat].[localhost].[/] - Initializing Spring embedded WebApplicationContext
00:55:01.991 [main] INFO  c.e.m.i.MoneyTransferServiceImplApplicationTests - Started MoneyTransferServiceImplApplicationTests in 3.223 seconds (process running for 9.468)
00:58:21.704 [main] INFO  c.e.m.i.MoneyTransferServiceImplApplicationTests - Starting MoneyTransferServiceImplApplicationTests using Java 17.0.6 with PID 5186 (started by dmitrijvorobev in /Users/dmitrijvorobev/Desktop/Netology/MoneyTransferService)
00:58:21.707 [main] INFO  c.e.m.i.MoneyTransferServiceImplApplicationTests - No active profile set, falling back to 1 default profile: "default"
00:58:23.667 [main] INFO  o.a.catalina.core.StandardService - Starting service [Tomcat]
00:58:23.668 [main] INFO  o.a.catalina.core.StandardEngine - Starting Servlet engine: [Apache Tomcat/10.1.5]
00:58:23.745 [main] INFO  o.a.c.c.C.[Tomcat].[localhost].[/] - Initializing Spring embedded WebApplicationContext
00:58:24.893 [main] INFO  c.e.m.i.MoneyTransferServiceImplApplicationTests - Started MoneyTransferServiceImplApplicationTests in 3.628 seconds (process running for 10.178)
01:01:47.014 [main] INFO  c.e.m.i.MoneyTransferServiceImplApplicationTests - Starting MoneyTransferServiceImplApplicationTests using Java 17.0.6 with PID 5380 (started by dmitrijvorobev in /Users/dmitrijvorobev/Desktop/Netology/MoneyTransferService)
01:01:47.017 [main] INFO  c.e.m.i.MoneyTransferServiceImplApplicationTests - No active profile set, falling back to 1 default profile: "default"
01:01:48.952 [main] INFO  o.a.catalina.core.StandardService - Starting service [Tomcat]
01:01:48.953 [main] INFO  o.a.catalina.core.StandardEngine - Starting Servlet engine: [Apache Tomcat/10.1.5]
01:01:49.049 [main] INFO  o.a.c.c.C.[Tomcat].[localhost].[/] - Initializing Spring embedded WebApplicationContext
01:01:49.837 [main] INFO  c.e.m.i.MoneyTransferServiceImplApplicationTests - Started MoneyTransferServiceImplApplicationTests in 3.233 seconds (process running for 9.527)
01:02:10.988 [main] INFO  c.e.m.i.MoneyTransferServiceImplApplicationTests - Starting MoneyTransferServiceImplApplicationTests using Java 17.0.6 with PID 5433 (started by dmitrijvorobev in /Users/dmitrijvorobev/Desktop/Netology/MoneyTransferService)
01:02:10.991 [main] INFO  c.e.m.i.MoneyTransferServiceImplApplicationTests - No active profile set, falling back to 1 default profile: "default"
01:02:12.847 [main] INFO  o.a.catalina.core.StandardService - Starting service [Tomcat]
01:02:12.848 [main] INFO  o.a.catalina.core.StandardEngine - Starting Servlet engine: [Apache Tomcat/10.1.5]
01:02:12.935 [main] INFO  o.a.c.c.C.[Tomcat].[localhost].[/] - Initializing Spring embedded WebApplicationContext
01:02:13.739 [main] INFO  c.e.m.i.MoneyTransferServiceImplApplicationTests - Started MoneyTransferServiceImplApplicationTests in 3.184 seconds (process running for 9.503)
01:04:59.517 [main] INFO  c.e.m.i.MoneyTransferServiceImplApplicationTests - Starting MoneyTransferServiceImplApplicationTests using Java 17.0.6 with PID 5608 (started by dmitrijvorobev in /Users/dmitrijvorobev/Desktop/Netology/MoneyTransferService)
01:04:59.521 [main] INFO  c.e.m.i.MoneyTransferServiceImplApplicationTests - No active profile set, falling back to 1 default profile: "default"
01:05:01.374 [main] INFO  o.a.catalina.core.StandardService - Starting service [Tomcat]
01:05:01.375 [main] INFO  o.a.catalina.core.StandardEngine - Starting Servlet engine: [Apache Tomcat/10.1.5]
01:05:01.453 [main] INFO  o.a.c.c.C.[Tomcat].[localhost].[/] - Initializing Spring embedded WebApplicationContext
01:05:02.257 [main] INFO  c.e.m.i.MoneyTransferServiceImplApplicationTests - Started MoneyTransferServiceImplApplicationTests in 3.17 seconds (process running for 9.697)
01:05:21.630 [main] INFO  c.e.m.i.MoneyTransferServiceImplApplicationTests - Starting MoneyTransferServiceImplApplicationTests using Java 17.0.6 with PID 5646 (started by dmitrijvorobev in /Users/dmitrijvorobev/Desktop/Netology/MoneyTransferService)
01:05:21.633 [main] INFO  c.e.m.i.MoneyTransferServiceImplApplicationTests - No active profile set, falling back to 1 default profile: "default"
01:05:23.564 [main] INFO  o.a.catalina.core.StandardService - Starting service [Tomcat]
01:05:23.565 [main] INFO  o.a.catalina.core.StandardEngine - Starting Servlet engine: [Apache Tomcat/10.1.5]
01:05:23.654 [main] INFO  o.a.c.c.C.[Tomcat].[localhost].[/] - Initializing Spring embedded WebApplicationContext
01:05:24.446 [main] INFO  c.e.m.i.MoneyTransferServiceImplApplicationTests - Started MoneyTransferServiceImplApplicationTests in 3.245 seconds (process running for 9.446)
01:07:27.308 [main] INFO  c.e.m.i.MoneyTransferServiceImplApplicationTests - Starting MoneyTransferServiceImplApplicationTests using Java 17.0.6 with PID 5772 (started by dmitrijvorobev in /Users/dmitrijvorobev/Desktop/Netology/MoneyTransferService)
01:07:27.311 [main] INFO  c.e.m.i.MoneyTransferServiceImplApplicationTests - No active profile set, falling back to 1 default profile: "default"
01:07:29.166 [main] INFO  o.a.catalina.core.StandardService - Starting service [Tomcat]
01:07:29.167 [main] INFO  o.a.catalina.core.StandardEngine - Starting Servlet engine: [Apache Tomcat/10.1.5]
01:07:29.253 [main] INFO  o.a.c.c.C.[Tomcat].[localhost].[/] - Initializing Spring embedded WebApplicationContext
01:07:30.075 [main] INFO  c.e.m.i.MoneyTransferServiceImplApplicationTests - Started MoneyTransferServiceImplApplicationTests in 3.173 seconds (process running for 9.522)
01:07:50.194 [main] INFO  c.e.m.i.MoneyTransferServiceImplApplicationTests - Starting MoneyTransferServiceImplApplicationTests using Java 17.0.6 with PID 5809 (started by dmitrijvorobev in /Users/dmitrijvorobev/Desktop/Netology/MoneyTransferService)
01:07:50.199 [main] INFO  c.e.m.i.MoneyTransferServiceImplApplicationTests - No active profile set, falling back to 1 default profile: "default"
01:07:52.067 [main] INFO  o.a.catalina.core.StandardService - Starting service [Tomcat]
01:07:52.067 [main] INFO  o.a.catalina.core.StandardEngine - Starting Servlet engine: [Apache Tomcat/10.1.5]
01:07:52.150 [main] INFO  o.a.c.c.C.[Tomcat].[localhost].[/] - Initializing Spring embedded WebApplicationContext
01:07:53.187 [main] INFO  c.e.m.i.MoneyTransferServiceImplApplicationTests - Started MoneyTransferServiceImplApplicationTests in 3.406 seconds (process running for 9.644)
01:08:18.548 [main] INFO  c.e.m.i.MoneyTransferServiceImplApplicationTests - Starting MoneyTransferServiceImplApplicationTests using Java 17.0.6 with PID 5854 (started by dmitrijvorobev in /Users/dmitrijvorobev/Desktop/Netology/MoneyTransferService)
01:08:18.552 [main] INFO  c.e.m.i.MoneyTransferServiceImplApplicationTests - No active profile set, falling back to 1 default profile: "default"
01:08:20.404 [main] INFO  o.a.catalina.core.StandardService - Starting service [Tomcat]
01:08:20.405 [main] INFO  o.a.catalina.core.StandardEngine - Starting Servlet engine: [Apache Tomcat/10.1.5]
01:08:20.490 [main] INFO  o.a.c.c.C.[Tomcat].[localhost].[/] - Initializing Spring embedded WebApplicationContext
01:08:21.452 [main] INFO  c.e.m.i.MoneyTransferServiceImplApplicationTests - Started MoneyTransferServiceImplApplicationTests in 3.338 seconds (process running for 9.709)
01:08:54.223 [main] INFO  c.e.m.i.MoneyTransferServiceImplApplicationTests - Starting MoneyTransferServiceImplApplicationTests using Java 17.0.6 with PID 5906 (started by dmitrijvorobev in /Users/dmitrijvorobev/Desktop/Netology/MoneyTransferService)
01:08:54.226 [main] INFO  c.e.m.i.MoneyTransferServiceImplApplicationTests - No active profile set, falling back to 1 default profile: "default"
01:08:56.123 [main] INFO  o.a.catalina.core.StandardService - Starting service [Tomcat]
01:08:56.124 [main] INFO  o.a.catalina.core.StandardEngine - Starting Servlet engine: [Apache Tomcat/10.1.5]
01:08:56.204 [main] INFO  o.a.c.c.C.[Tomcat].[localhost].[/] - Initializing Spring embedded WebApplicationContext
01:08:57.178 [main] INFO  c.e.m.i.MoneyTransferServiceImplApplicationTests - Started MoneyTransferServiceImplApplicationTests in 3.4 seconds (process running for 9.626)
01:10:21.785 [main] INFO  c.e.m.i.MoneyTransferServiceImplApplicationTests - Starting MoneyTransferServiceImplApplicationTests using Java 17.0.6 with PID 6003 (started by dmitrijvorobev in /Users/dmitrijvorobev/Desktop/Netology/MoneyTransferService)
01:10:21.786 [main] INFO  c.e.m.i.MoneyTransferServiceImplApplicationTests - No active profile set, falling back to 1 default profile: "default"
01:10:23.736 [main] INFO  o.a.catalina.core.StandardService - Starting service [Tomcat]
01:10:23.737 [main] INFO  o.a.catalina.core.StandardEngine - Starting Servlet engine: [Apache Tomcat/10.1.5]
01:10:23.826 [main] INFO  o.a.c.c.C.[Tomcat].[localhost].[/] - Initializing Spring embedded WebApplicationContext
01:10:24.634 [main] INFO  c.e.m.i.MoneyTransferServiceImplApplicationTests - Started MoneyTransferServiceImplApplicationTests in 3.277 seconds (process running for 9.852)
01:10:53.378 [main] INFO  c.e.m.i.MoneyTransferServiceImplApplicationTests - Starting MoneyTransferServiceImplApplicationTests using Java 17.0.6 with PID 6050 (started by dmitrijvorobev in /Users/dmitrijvorobev/Desktop/Netology/MoneyTransferService)
01:10:53.380 [main] INFO  c.e.m.i.MoneyTransferServiceImplApplicationTests - No active profile set, falling back to 1 default profile: "default"
01:10:55.310 [main] INFO  o.a.catalina.core.StandardService - Starting service [Tomcat]
01:10:55.311 [main] INFO  o.a.catalina.core.StandardEngine - Starting Servlet engine: [Apache Tomcat/10.1.5]
01:10:55.394 [main] INFO  o.a.c.c.C.[Tomcat].[localhost].[/] - Initializing Spring embedded WebApplicationContext
01:10:56.135 [main] INFO  c.e.m.i.MoneyTransferServiceImplApplicationTests - Started MoneyTransferServiceImplApplicationTests in 3.182 seconds (process running for 9.407)
01:11:59.721 [main] INFO  c.e.m.i.MoneyTransferServiceImplApplicationTests - Starting MoneyTransferServiceImplApplicationTests using Java 17.0.6 with PID 6124 (started by dmitrijvorobev in /Users/dmitrijvorobev/Desktop/Netology/MoneyTransferService)
01:11:59.723 [main] INFO  c.e.m.i.MoneyTransferServiceImplApplicationTests - No active profile set, falling back to 1 default profile: "default"
01:12:01.684 [main] INFO  o.a.catalina.core.StandardService - Starting service [Tomcat]
01:12:01.685 [main] INFO  o.a.catalina.core.StandardEngine - Starting Servlet engine: [Apache Tomcat/10.1.5]
01:12:01.770 [main] INFO  o.a.c.c.C.[Tomcat].[localhost].[/] - Initializing Spring embedded WebApplicationContext
01:12:02.504 [main] INFO  c.e.m.i.MoneyTransferServiceImplApplicationTests - Started MoneyTransferServiceImplApplicationTests in 3.196 seconds (process running for 9.483)
01:12:16.783 [main] INFO  c.e.m.i.MoneyTransferServiceImplApplicationTests - Starting MoneyTransferServiceImplApplicationTests using Java 17.0.6 with PID 6159 (started by dmitrijvorobev in /Users/dmitrijvorobev/Desktop/Netology/MoneyTransferService)
01:12:16.785 [main] INFO  c.e.m.i.MoneyTransferServiceImplApplicationTests - No active profile set, falling back to 1 default profile: "default"
01:12:18.703 [main] INFO  o.a.catalina.core.StandardService - Starting service [Tomcat]
01:12:18.704 [main] INFO  o.a.catalina.core.StandardEngine - Starting Servlet engine: [Apache Tomcat/10.1.5]
01:12:18.781 [main] INFO  o.a.c.c.C.[Tomcat].[localhost].[/] - Initializing Spring embedded WebApplicationContext
01:12:19.603 [main] INFO  c.e.m.i.MoneyTransferServiceImplApplicationTests - Started MoneyTransferServiceImplApplicationTests in 3.254 seconds (process running for 9.543)
03:06:33.539 [main] INFO  c.e.m.i.MoneyTransferServiceImplApplicationTests - Starting MoneyTransferServiceImplApplicationTests using Java 17.0.6 with PID 12313 (started by dmitrijvorobev in /Users/dmitrijvorobev/Desktop/Netology/MoneyTransferService)
03:06:33.541 [main] INFO  c.e.m.i.MoneyTransferServiceImplApplicationTests - No active profile set, falling back to 1 default profile: "default"
03:06:35.839 [main] INFO  o.a.catalina.core.StandardService - Starting service [Tomcat]
03:06:35.840 [main] INFO  o.a.catalina.core.StandardEngine - Starting Servlet engine: [Apache Tomcat/10.1.5]
03:06:35.945 [main] INFO  o.a.c.c.C.[Tomcat].[localhost].[/] - Initializing Spring embedded WebApplicationContext
03:06:36.914 [main] INFO  c.e.m.i.MoneyTransferServiceImplApplicationTests - Started MoneyTransferServiceImplApplicationTests in 3.887 seconds (process running for 11.6)
03:08:51.065 [main] INFO  c.e.m.MoneyTransferServiceApplication - Starting MoneyTransferServiceApplication using Java 17.0.6 with PID 12462 (/Users/dmitrijvorobev/Desktop/Netology/MoneyTransferService/target/classes started by dmitrijvorobev in /Users/dmitrijvorobev/Desktop/Netology/MoneyTransferService)
03:08:51.075 [main] INFO  c.e.m.MoneyTransferServiceApplication - No active profile set, falling back to 1 default profile: "default"
03:08:52.707 [main] INFO  o.a.catalina.core.StandardService - Starting service [Tomcat]
03:08:52.708 [main] INFO  o.a.catalina.core.StandardEngine - Starting Servlet engine: [Apache Tomcat/10.1.5]
03:08:52.792 [main] INFO  o.a.c.c.C.[Tomcat].[localhost].[/] - Initializing Spring embedded WebApplicationContext
03:08:53.658 [main] INFO  c.e.m.MoneyTransferServiceApplication - Started MoneyTransferServiceApplication in 3.203 seconds (process running for 4.05)
03:08:54.267 [RMI TCP Connection(3)-127.0.0.1] INFO  o.a.c.c.C.[Tomcat].[localhost].[/] - Initializing Spring DispatcherServlet 'dispatcherServlet'
03:09:06.227 [http-nio-5500-exec-2] INFO  c.e.m.controller.TransferController - Post request on endpoint "/transfer": TransferMoney[cardFromNumber=4334334343434343, cardFromValidTill=05/26, cardFromCVV=543, cardToNumber=4334534534545345, amount=Amount[value=323200, currency=RUR]]
03:09:06.249 [http-nio-5500-exec-2] INFO  c.e.m.service.TransferServiceImpl - Запрос на перевод денежных средств направлен. Код операции: 2038bac1-8464-4d40-bdf9-1ee5ee95ab3e
03:09:06.287 [http-nio-5500-exec-4] INFO  c.e.m.controller.TransferController - Post request on endpoint "/confirmOperation": TransferOperation[operationId=2038bac1-8464-4d40-bdf9-1ee5ee95ab3e, code=0000]
03:09:06.288 [http-nio-5500-exec-4] INFO  c.e.m.service.TransferServiceImpl - Транзакция успешно проведена! Код операции: 2038bac1-8464-4d40-bdf9-1ee5ee95ab3e
08:12:42.704 [main] INFO  c.e.m.MoneyTransferServiceApplication - Starting MoneyTransferServiceApplication using Java 17.0.6 with PID 1008 (/Users/dmitrijvorobev/Desktop/Netology/MoneyTransferService/target/classes started by dmitrijvorobev in /Users/dmitrijvorobev/Desktop/Netology/MoneyTransferService)
08:12:42.708 [main] INFO  c.e.m.MoneyTransferServiceApplication - No active profile set, falling back to 1 default profile: "default"
08:12:45.364 [main] INFO  o.a.catalina.core.StandardService - Starting service [Tomcat]
08:12:45.365 [main] INFO  o.a.catalina.core.StandardEngine - Starting Servlet engine: [Apache Tomcat/10.1.5]
08:12:45.471 [main] INFO  o.a.c.c.C.[Tomcat].[localhost].[/] - Initializing Spring embedded WebApplicationContext
08:12:46.306 [main] INFO  c.e.m.MoneyTransferServiceApplication - Started MoneyTransferServiceApplication in 4.698 seconds (process running for 5.476)
08:12:47.053 [RMI TCP Connection(2)-127.0.0.1] INFO  o.a.c.c.C.[Tomcat].[localhost].[/] - Initializing Spring DispatcherServlet 'dispatcherServlet'
08:12:56.317 [http-nio-5500-exec-2] INFO  c.e.m.controller.TransferController - Post request on endpoint "/transfer": TransferMoney[cardFromNumber=3213123123131231, cardFromValidTill=02/26, cardFromCVV=323, cardToNumber=3231232131231231, amount=Amount[value=4340300, currency=RUR]]
08:12:56.337 [http-nio-5500-exec-2] INFO  c.e.m.service.TransferServiceImpl - Запрос на перевод денежных средств направлен. Код операции: dd5ad1a0-218e-4913-bf26-83775b379f9c
08:12:56.381 [http-nio-5500-exec-4] INFO  c.e.m.controller.TransferController - Post request on endpoint "/confirmOperation": TransferOperation[operationId=dd5ad1a0-218e-4913-bf26-83775b379f9c, code=0000]
08:12:56.382 [http-nio-5500-exec-4] INFO  c.e.m.service.TransferServiceImpl - Транзакция успешно проведена! Код операции: dd5ad1a0-218e-4913-bf26-83775b379f9c
08:14:16.798 [main] INFO  c.e.m.i.MoneyTransferServiceImplApplicationTests - Starting MoneyTransferServiceImplApplicationTests using Java 17.0.6 with PID 1063 (started by dmitrijvorobev in /Users/dmitrijvorobev/Desktop/Netology/MoneyTransferService)
08:14:16.807 [main] INFO  c.e.m.i.MoneyTransferServiceImplApplicationTests - No active profile set, falling back to 1 default profile: "default"
08:14:19.066 [main] INFO  o.a.catalina.core.StandardService - Starting service [Tomcat]
08:14:19.071 [main] INFO  o.a.catalina.core.StandardEngine - Starting Servlet engine: [Apache Tomcat/10.1.5]
08:14:19.166 [main] INFO  o.a.c.c.C.[Tomcat].[localhost].[/] - Initializing Spring embedded WebApplicationContext
08:14:20.098 [main] INFO  c.e.m.i.MoneyTransferServiceImplApplicationTests - Started MoneyTransferServiceImplApplicationTests in 3.832 seconds (process running for 51.046)
08:14:40.338 [main] INFO  c.e.m.i.MoneyTransferServiceImplApplicationTests - Starting MoneyTransferServiceImplApplicationTests using Java 17.0.6 with PID 1870 (started by dmitrijvorobev in /Users/dmitrijvorobev/Desktop/Netology/MoneyTransferService)
08:14:40.340 [main] INFO  c.e.m.i.MoneyTransferServiceImplApplicationTests - No active profile set, falling back to 1 default profile: "default"
08:14:42.676 [main] INFO  o.a.catalina.core.StandardService - Starting service [Tomcat]
08:14:42.677 [main] INFO  o.a.catalina.core.StandardEngine - Starting Servlet engine: [Apache Tomcat/10.1.5]
08:14:42.788 [main] INFO  o.a.c.c.C.[Tomcat].[localhost].[/] - Initializing Spring embedded WebApplicationContext
08:14:43.995 [main] INFO  c.e.m.i.MoneyTransferServiceImplApplicationTests - Started MoneyTransferServiceImplApplicationTests in 4.142 seconds (process running for 11.531)
08:16:28.674 [main] INFO  c.e.m.MoneyTransferServiceApplication - Starting MoneyTransferServiceApplication using Java 17.0.6 with PID 2014 (/Users/dmitrijvorobev/Desktop/Netology/MoneyTransferService/target/classes started by dmitrijvorobev in /Users/dmitrijvorobev/Desktop/Netology/MoneyTransferService)
08:16:28.679 [main] INFO  c.e.m.MoneyTransferServiceApplication - No active profile set, falling back to 1 default profile: "default"
08:16:30.258 [main] INFO  o.a.catalina.core.StandardService - Starting service [Tomcat]
08:16:30.259 [main] INFO  o.a.catalina.core.StandardEngine - Starting Servlet engine: [Apache Tomcat/10.1.5]
08:16:30.348 [main] INFO  o.a.c.c.C.[Tomcat].[localhost].[/] - Initializing Spring embedded WebApplicationContext
08:16:31.098 [main] INFO  c.e.m.MoneyTransferServiceApplication - Started MoneyTransferServiceApplication in 3.054 seconds (process running for 3.903)
08:16:31.350 [RMI TCP Connection(2)-127.0.0.1] INFO  o.a.c.c.C.[Tomcat].[localhost].[/] - Initializing Spring DispatcherServlet 'dispatcherServlet'
08:16:54.015 [http-nio-5500-exec-1] INFO  c.e.m.controller.TransferController - Post request on endpoint "/transfer": TransferMoney[cardFromNumber=4342343243243423, cardFromValidTill=02/26, cardFromCVV=434, cardToNumber=4324234324324324, amount=Amount[value=32000, currency=RUR]]
08:16:54.043 [http-nio-5500-exec-1] INFO  c.e.m.service.TransferServiceImpl - Запрос на перевод денежных средств направлен. Код операции: 99528981-99b6-4d8e-822e-1e673c2d9f71
08:16:54.089 [http-nio-5500-exec-2] INFO  c.e.m.controller.TransferController - Post request on endpoint "/confirmOperation": TransferOperation[operationId=99528981-99b6-4d8e-822e-1e673c2d9f71, code=0000]
08:16:54.089 [http-nio-5500-exec-2] INFO  c.e.m.service.TransferServiceImpl - Транзакция успешно проведена! Код операции: 99528981-99b6-4d8e-822e-1e673c2d9f71
08:23:34.660 [main] INFO  c.e.m.MoneyTransferServiceApplication - Starting MoneyTransferServiceApplication using Java 17.0.6 with PID 2413 (/Users/dmitrijvorobev/Desktop/Netology/MoneyTransferService/target/classes started by dmitrijvorobev in /Users/dmitrijvorobev/Desktop/Netology/MoneyTransferService)
08:23:34.663 [main] INFO  c.e.m.MoneyTransferServiceApplication - No active profile set, falling back to 1 default profile: "default"
08:23:36.308 [main] INFO  o.a.catalina.core.StandardService - Starting service [Tomcat]
08:23:36.309 [main] INFO  o.a.catalina.core.StandardEngine - Starting Servlet engine: [Apache Tomcat/10.1.5]
08:23:36.399 [main] INFO  o.a.c.c.C.[Tomcat].[localhost].[/] - Initializing Spring embedded WebApplicationContext
08:23:37.143 [main] INFO  c.e.m.MoneyTransferServiceApplication - Started MoneyTransferServiceApplication in 3.144 seconds (process running for 4.07)
08:23:37.462 [RMI TCP Connection(3)-127.0.0.1] INFO  o.a.c.c.C.[Tomcat].[localhost].[/] - Initializing Spring DispatcherServlet 'dispatcherServlet'
08:23:53.173 [http-nio-5500-exec-1] INFO  c.e.m.controller.TransferController - Post request on endpoint "/transfer": TransferMoney[cardFromNumber=3232312313123123, cardFromValidTill=02/25, cardFromCVV=432, cardToNumber=3123213132131232, amount=Amount[value=43242300, currency=RUR]]
08:23:53.196 [http-nio-5500-exec-1] INFO  c.e.m.service.TransferServiceImpl - Запрос на перевод денежных средств направлен. Код операции: 6aa258ca-691f-41c9-8d8a-d70a3d7dda3d
08:23:53.240 [http-nio-5500-exec-2] INFO  c.e.m.controller.TransferController - Post request on endpoint "/confirmOperation": TransferOperation[operationId=6aa258ca-691f-41c9-8d8a-d70a3d7dda3d, code=0000]
08:23:53.241 [http-nio-5500-exec-2] INFO  c.e.m.service.TransferServiceImpl - Транзакция успешно проведена! Код операции: 6aa258ca-691f-41c9-8d8a-d70a3d7dda3d
08:24:08.840 [http-nio-5500-exec-3] INFO  c.e.m.controller.TransferController - Post request on endpoint "/transfer": TransferMoney[cardFromNumber=4432423432423423, cardFromValidTill=02/27, cardFromCVV=434, cardToNumber=4324234234234232, amount=Amount[value=4343400, currency=RUR]]
08:24:08.842 [http-nio-5500-exec-3] INFO  c.e.m.service.TransferServiceImpl - Запрос на перевод денежных средств направлен. Код операции: 6aa258ca-691f-41c9-8d8a-d70a3d7dda3d
08:24:08.866 [http-nio-5500-exec-4] INFO  c.e.m.controller.TransferController - Post request on endpoint "/confirmOperation": TransferOperation[operationId=6aa258ca-691f-41c9-8d8a-d70a3d7dda3d, code=0000]
08:24:08.867 [http-nio-5500-exec-4] INFO  c.e.m.service.TransferServiceImpl - Транзакция успешно проведена! Код операции: 6aa258ca-691f-41c9-8d8a-d70a3d7dda3d
08:26:16.515 [http-nio-5500-exec-6] INFO  c.e.m.controller.TransferController - Post request on endpoint "/transfer": TransferMoney[cardFromNumber=4324234234234234, cardFromValidTill=02/33, cardFromCVV=432, cardToNumber=4346565756543434, amount=Amount[value=32131200, currency=RUR]]
08:26:16.518 [http-nio-5500-exec-6] INFO  c.e.m.service.TransferServiceImpl - Запрос на перевод денежных средств направлен. Код операции: 6aa258ca-691f-41c9-8d8a-d70a3d7dda3d
08:26:16.529 [http-nio-5500-exec-7] INFO  c.e.m.controller.TransferController - Post request on endpoint "/confirmOperation": TransferOperation[operationId=6aa258ca-691f-41c9-8d8a-d70a3d7dda3d, code=0000]
08:26:16.530 [http-nio-5500-exec-7] INFO  c.e.m.service.TransferServiceImpl - Транзакция успешно проведена! Код операции: 6aa258ca-691f-41c9-8d8a-d70a3d7dda3d
08:28:04.169 [main] INFO  c.e.m.MoneyTransferServiceApplication - Starting MoneyTransferServiceApplication using Java 17.0.6 with PID 2650 (/Users/dmitrijvorobev/Desktop/Netology/MoneyTransferService/target/classes started by dmitrijvorobev in /Users/dmitrijvorobev/Desktop/Netology/MoneyTransferService)
08:28:04.174 [main] INFO  c.e.m.MoneyTransferServiceApplication - No active profile set, falling back to 1 default profile: "default"
08:28:05.721 [main] INFO  o.a.catalina.core.StandardService - Starting service [Tomcat]
08:28:05.722 [main] INFO  o.a.catalina.core.StandardEngine - Starting Servlet engine: [Apache Tomcat/10.1.5]
08:28:05.808 [main] INFO  o.a.c.c.C.[Tomcat].[localhost].[/] - Initializing Spring embedded WebApplicationContext
08:28:06.552 [main] INFO  c.e.m.MoneyTransferServiceApplication - Started MoneyTransferServiceApplication in 3.019 seconds (process running for 3.799)
08:28:06.898 [RMI TCP Connection(1)-127.0.0.1] INFO  o.a.c.c.C.[Tomcat].[localhost].[/] - Initializing Spring DispatcherServlet 'dispatcherServlet'
08:28:50.089 [http-nio-5500-exec-1] INFO  c.e.m.controller.TransferController - Post request on endpoint "/transfer": TransferMoney[cardFromNumber=4322232342342344, cardFromValidTill=02/25, cardFromCVV=434, cardToNumber=3434324343434343, amount=Amount[value=434300, currency=RUR]]
08:28:50.111 [http-nio-5500-exec-1] INFO  c.e.m.service.TransferServiceImpl - Запрос на перевод денежных средств направлен. Код операции: 50082035-e6bb-4bb5-9f26-610d36fe4132
08:28:50.157 [http-nio-5500-exec-2] INFO  c.e.m.controller.TransferController - Post request on endpoint "/confirmOperation": TransferOperation[operationId=50082035-e6bb-4bb5-9f26-610d36fe4132, code=0000]
08:28:50.158 [http-nio-5500-exec-2] INFO  c.e.m.service.TransferServiceImpl - Транзакция успешно проведена! Код операции: 50082035-e6bb-4bb5-9f26-610d36fe4132
08:29:08.903 [http-nio-5500-exec-3] INFO  c.e.m.controller.TransferController - Post request on endpoint "/transfer": TransferMoney[cardFromNumber=5686677877899880, cardFromValidTill=02/27, cardFromCVV=344, cardToNumber=7472784985435909, amount=Amount[value=3211200, currency=RUR]]
08:29:08.906 [http-nio-5500-exec-3] INFO  c.e.m.service.TransferServiceImpl - Запрос на перевод денежных средств направлен. Код операции: 50082035-e6bb-4bb5-9f26-610d36fe4132
08:29:08.921 [http-nio-5500-exec-4] INFO  c.e.m.controller.TransferController - Post request on endpoint "/confirmOperation": TransferOperation[operationId=50082035-e6bb-4bb5-9f26-610d36fe4132, code=0000]
08:29:08.921 [http-nio-5500-exec-4] INFO  c.e.m.service.TransferServiceImpl - Транзакция успешно проведена! Код операции: 50082035-e6bb-4bb5-9f26-610d36fe4132
08:35:15.180 [main] INFO  c.e.m.MoneyTransferServiceApplication - Starting MoneyTransferServiceApplication using Java 17.0.6 with PID 3078 (/Users/dmitrijvorobev/Desktop/Netology/MoneyTransferService/target/classes started by dmitrijvorobev in /Users/dmitrijvorobev/Desktop/Netology/MoneyTransferService)
08:35:15.183 [main] INFO  c.e.m.MoneyTransferServiceApplication - No active profile set, falling back to 1 default profile: "default"
08:35:16.797 [main] INFO  o.a.catalina.core.StandardService - Starting service [Tomcat]
08:35:16.797 [main] INFO  o.a.catalina.core.StandardEngine - Starting Servlet engine: [Apache Tomcat/10.1.5]
08:35:16.891 [main] INFO  o.a.c.c.C.[Tomcat].[localhost].[/] - Initializing Spring embedded WebApplicationContext
08:35:17.676 [main] INFO  c.e.m.MoneyTransferServiceApplication - Started MoneyTransferServiceApplication in 3.112 seconds (process running for 4.029)
08:35:18.135 [RMI TCP Connection(1)-127.0.0.1] INFO  o.a.c.c.C.[Tomcat].[localhost].[/] - Initializing Spring DispatcherServlet 'dispatcherServlet'
08:35:34.578 [http-nio-5500-exec-1] INFO  c.e.m.controller.TransferController - Post request on endpoint "/transfer": TransferMoney[cardFromNumber=4324324234242342, cardFromValidTill=02/25, cardFromCVV=432, cardToNumber=4324243243242342, amount=Amount[value=2343200, currency=RUR]]
08:35:34.601 [http-nio-5500-exec-1] INFO  c.e.m.service.TransferServiceImpl - Запрос на перевод денежных средств направлен. Код операции: 63983640-9f10-47ae-9094-0c408c6afb7e
08:35:34.646 [http-nio-5500-exec-2] INFO  c.e.m.controller.TransferController - Post request on endpoint "/confirmOperation": TransferOperation[operationId=63983640-9f10-47ae-9094-0c408c6afb7e, code=0000]
08:35:34.647 [http-nio-5500-exec-2] INFO  c.e.m.service.TransferServiceImpl - Транзакция успешно проведена! Код операции: 63983640-9f10-47ae-9094-0c408c6afb7e
08:35:58.725 [http-nio-5500-exec-3] INFO  c.e.m.controller.TransferController - Post request on endpoint "/transfer": TransferMoney[cardFromNumber=8894689468464064, cardFromValidTill=02/28, cardFromCVV=434, cardToNumber=8234297479258024, amount=Amount[value=434300, currency=RUR]]
08:35:58.728 [http-nio-5500-exec-3] INFO  c.e.m.service.TransferServiceImpl - Запрос на перевод денежных средств направлен. Код операции: 36d3c074-619c-4fdd-b425-de4a77465a1c
08:35:58.743 [http-nio-5500-exec-4] INFO  c.e.m.controller.TransferController - Post request on endpoint "/confirmOperation": TransferOperation[operationId=36d3c074-619c-4fdd-b425-de4a77465a1c, code=0000]
08:35:58.743 [http-nio-5500-exec-4] INFO  c.e.m.service.TransferServiceImpl - Транзакция успешно проведена! Код операции: 36d3c074-619c-4fdd-b425-de4a77465a1c
08:42:03.216 [http-nio-5500-exec-6] INFO  c.e.m.controller.TransferController - Post request on endpoint "/transfer": TransferMoney[cardFromNumber=4342342343423434, cardFromValidTill=02/27, cardFromCVV=434, cardToNumber=3423423423423423, amount=Amount[value=4300, currency=RUR]]
08:42:03.218 [http-nio-5500-exec-6] INFO  c.e.m.service.TransferServiceImpl - Запрос на перевод денежных средств направлен. Код операции: 3e933b70-59e3-4b73-a386-f32a9a1cace3
08:42:03.231 [http-nio-5500-exec-7] INFO  c.e.m.controller.TransferController - Post request on endpoint "/confirmOperation": TransferOperation[operationId=3e933b70-59e3-4b73-a386-f32a9a1cace3, code=0000]
08:42:03.231 [http-nio-5500-exec-7] INFO  c.e.m.service.TransferServiceImpl - Транзакция успешно проведена! Код операции: 3e933b70-59e3-4b73-a386-f32a9a1cace3
11:12:28.862 [main] INFO  c.e.m.i.MoneyTransferServiceImplApplicationTests - Starting MoneyTransferServiceImplApplicationTests using Java 17.0.6 with PID 7579 (started by dmitrijvorobev in /Users/dmitrijvorobev/Desktop/Netology/MoneyTransferService)
11:12:28.864 [main] INFO  c.e.m.i.MoneyTransferServiceImplApplicationTests - No active profile set, falling back to 1 default profile: "default"
11:12:31.147 [main] INFO  o.a.catalina.core.StandardService - Starting service [Tomcat]
11:12:31.148 [main] INFO  o.a.catalina.core.StandardEngine - Starting Servlet engine: [Apache Tomcat/10.1.5]
11:12:31.242 [main] INFO  o.a.c.c.C.[Tomcat].[localhost].[/] - Initializing Spring embedded WebApplicationContext
11:12:32.255 [main] INFO  c.e.m.i.MoneyTransferServiceImplApplicationTests - Started MoneyTransferServiceImplApplicationTests in 3.901 seconds (process running for 11.49)
11:13:30.653 [main] INFO  c.e.m.MoneyTransferServiceApplication - Starting MoneyTransferServiceApplication using Java 17.0.6 with PID 7665 (/Users/dmitrijvorobev/Desktop/Netology/MoneyTransferService/target/classes started by dmitrijvorobev in /Users/dmitrijvorobev/Desktop/Netology/MoneyTransferService)
11:13:30.657 [main] INFO  c.e.m.MoneyTransferServiceApplication - No active profile set, falling back to 1 default profile: "default"
11:13:32.397 [main] INFO  o.a.catalina.core.StandardService - Starting service [Tomcat]
11:13:32.398 [main] INFO  o.a.catalina.core.StandardEngine - Starting Servlet engine: [Apache Tomcat/10.1.5]
11:13:32.494 [main] INFO  o.a.c.c.C.[Tomcat].[localhost].[/] - Initializing Spring embedded WebApplicationContext
11:13:33.286 [main] INFO  c.e.m.MoneyTransferServiceApplication - Started MoneyTransferServiceApplication in 3.241 seconds (process running for 4.149)
11:13:33.883 [RMI TCP Connection(6)-127.0.0.1] INFO  o.a.c.c.C.[Tomcat].[localhost].[/] - Initializing Spring DispatcherServlet 'dispatcherServlet'
11:13:40.760 [http-nio-5500-exec-1] INFO  c.e.m.controller.TransferController - Post request on endpoint "/transfer": TransferMoney[cardFromNumber=4875130166305242, cardFromValidTill=05/26, cardFromCVV=123, cardToNumber=4832137002407281, amount=Amount[value=100, currency=RUB]]
11:13:40.797 [http-nio-5500-exec-1] INFO  c.e.m.r.TransferRepositoryImpl - Объект: TransferMoney[cardFromNumber=4875130166305242, cardFromValidTill=05/26, cardFromCVV=123, cardToNumber=4832137002407281, amount=Amount[value=100, currency=RUB]], добавлен с номером операции: ee5c5b66-1067-42ec-a1b2-c4940eb6aa2f
11:13:40.797 [http-nio-5500-exec-1] INFO  c.e.m.service.TransferServiceImpl - Запрос на перевод денежных средств направлен. Код операции: ee5c5b66-1067-42ec-a1b2-c4940eb6aa2f
11:13:45.704 [http-nio-5500-exec-3] INFO  c.e.m.controller.TransferController - Post request on endpoint "/confirmOperation": TransferOperation[operationId=4fe32c4b-c747-4c2e-b608-b09680221e65, code=0000]
11:13:45.707 [http-nio-5500-exec-3] INFO  c.e.m.service.TransferServiceImpl - Транзакция успешно проведена! Код операции: 4fe32c4b-c747-4c2e-b608-b09680221e65
11:13:47.142 [http-nio-5500-exec-4] INFO  c.e.m.controller.TransferController - Post request on endpoint "/confirmOperation": TransferOperation[operationId=4fe32c4b-c747-4c2e-b608-b09680221e65, code=0000]
11:13:47.144 [http-nio-5500-exec-4] INFO  c.e.m.service.TransferServiceImpl - Транзакция успешно проведена! Код операции: 4fe32c4b-c747-4c2e-b608-b09680221e65
11:13:47.546 [http-nio-5500-exec-5] INFO  c.e.m.controller.TransferController - Post request on endpoint "/confirmOperation": TransferOperation[operationId=4fe32c4b-c747-4c2e-b608-b09680221e65, code=0000]
11:13:47.547 [http-nio-5500-exec-5] INFO  c.e.m.service.TransferServiceImpl - Транзакция успешно проведена! Код операции: 4fe32c4b-c747-4c2e-b608-b09680221e65
11:13:47.856 [http-nio-5500-exec-6] INFO  c.e.m.controller.TransferController - Post request on endpoint "/confirmOperation": TransferOperation[operationId=4fe32c4b-c747-4c2e-b608-b09680221e65, code=0000]
11:13:47.857 [http-nio-5500-exec-6] INFO  c.e.m.service.TransferServiceImpl - Транзакция успешно проведена! Код операции: 4fe32c4b-c747-4c2e-b608-b09680221e65
11:13:55.972 [http-nio-5500-exec-7] INFO  c.e.m.controller.TransferController - Post request on endpoint "/confirmOperation": TransferOperation[operationId=null, code=0000]
11:13:55.973 [http-nio-5500-exec-7] ERROR c.e.m.validation.ValidationService - Некорректный ID операции!
11:13:57.481 [http-nio-5500-exec-9] INFO  c.e.m.controller.TransferController - Post request on endpoint "/confirmOperation": TransferOperation[operationId=null, code=0000]
11:13:57.485 [http-nio-5500-exec-9] ERROR c.e.m.validation.ValidationService - Некорректный ID операции!
11:13:58.267 [http-nio-5500-exec-2] INFO  c.e.m.controller.TransferController - Post request on endpoint "/confirmOperation": TransferOperation[operationId=null, code=0000]
11:13:58.268 [http-nio-5500-exec-2] ERROR c.e.m.validation.ValidationService - Некорректный ID операции!
11:14:06.174 [http-nio-5500-exec-3] INFO  c.e.m.controller.TransferController - Post request on endpoint "/transfer": TransferMoney[cardFromNumber=null, cardFromValidTill=05/26, cardFromCVV=123, cardToNumber=4832137002407281, amount=Amount[value=100, currency=RUB]]
11:14:06.176 [http-nio-5500-exec-3] ERROR c.e.m.validation.ValidationService - Номер карты отправителя указан неверно!
11:14:16.042 [http-nio-5500-exec-5] INFO  c.e.m.controller.TransferController - Post request on endpoint "/transfer": TransferMoney[cardFromNumber=4875130166305242, cardFromValidTill=null, cardFromCVV=123, cardToNumber=4832137002407281, amount=Amount[value=100, currency=RUB]]
11:14:16.045 [http-nio-5500-exec-5] ERROR c.e.m.validation.ValidationService - Срок действия карты указан неверно!
11:14:29.935 [http-nio-5500-exec-6] INFO  c.e.m.controller.TransferController - Post request on endpoint "/transfer": TransferMoney[cardFromNumber=4875130166305242, cardFromValidTill=05/26, cardFromCVV=null, cardToNumber=4832137002407281, amount=Amount[value=100, currency=RUB]]
11:14:29.937 [http-nio-5500-exec-6] ERROR c.e.m.validation.ValidationService - CVV указан неверно!
11:14:37.005 [http-nio-5500-exec-9] INFO  c.e.m.controller.TransferController - Post request on endpoint "/transfer": TransferMoney[cardFromNumber=4875130166305242, cardFromValidTill=05/26, cardFromCVV=123, cardToNumber=null, amount=Amount[value=100, currency=RUB]]
11:14:37.006 [http-nio-5500-exec-9] ERROR c.e.m.validation.ValidationService - Номер карты получателя указан неверно!
11:14:44.364 [http-nio-5500-exec-10] INFO  c.e.m.controller.TransferController - Post request on endpoint "/transfer": TransferMoney[cardFromNumber=4875130166305242, cardFromValidTill=05/26, cardFromCVV=123, cardToNumber=4832137002407281, amount=Amount[value=0, currency=RUB]]
11:14:44.368 [http-nio-5500-exec-10] ERROR c.e.m.validation.ValidationService - Сумма перевода указана некорректно!
11:14:51.253 [http-nio-5500-exec-3] INFO  c.e.m.controller.TransferController - Post request on endpoint "/transfer": TransferMoney[cardFromNumber=4875130166305242, cardFromValidTill=05/26, cardFromCVV=123, cardToNumber=4832137002407281, amount=null]
11:14:51.255 [http-nio-5500-exec-3] ERROR c.e.m.validation.ValidationService - Ошибка операции перевода!
11:14:52.596 [http-nio-5500-exec-5] INFO  c.e.m.controller.TransferController - Post request on endpoint "/transfer": TransferMoney[cardFromNumber=4875130166305242, cardFromValidTill=05/26, cardFromCVV=123, cardToNumber=4832137002407281, amount=null]
11:14:52.597 [http-nio-5500-exec-5] ERROR c.e.m.validation.ValidationService - Ошибка операции перевода!
11:15:41.661 [http-nio-5500-exec-2] INFO  c.e.m.controller.TransferController - Post request on endpoint "/transfer": TransferMoney[cardFromNumber=4324242342342342, cardFromValidTill=02/25, cardFromCVV=022, cardToNumber=4234234234242442, amount=Amount[value=432400, currency=RUR]]
11:15:41.667 [http-nio-5500-exec-2] INFO  c.e.m.r.TransferRepositoryImpl - Объект: TransferMoney[cardFromNumber=4324242342342342, cardFromValidTill=02/25, cardFromCVV=022, cardToNumber=4234234234242442, amount=Amount[value=432400, currency=RUR]], добавлен с номером операции: 42034071-e05a-40df-bbf5-eb6f45c5faf8
11:15:41.668 [http-nio-5500-exec-2] INFO  c.e.m.service.TransferServiceImpl - Запрос на перевод денежных средств направлен. Код операции: 42034071-e05a-40df-bbf5-eb6f45c5faf8
11:15:41.691 [http-nio-5500-exec-1] INFO  c.e.m.controller.TransferController - Post request on endpoint "/confirmOperation": TransferOperation[operationId=42034071-e05a-40df-bbf5-eb6f45c5faf8, code=0000]
11:15:41.692 [http-nio-5500-exec-1] INFO  c.e.m.service.TransferServiceImpl - Транзакция успешно проведена! Код операции: 42034071-e05a-40df-bbf5-eb6f45c5faf8
11:16:11.031 [http-nio-5500-exec-3] INFO  c.e.m.controller.TransferController - Post request on endpoint "/transfer": TransferMoney[cardFromNumber=4324234324234324, cardFromValidTill=02/26, cardFromCVV=434, cardToNumber=4234234234234234, amount=Amount[value=34400, currency=RUR]]
11:16:11.037 [http-nio-5500-exec-3] INFO  c.e.m.r.TransferRepositoryImpl - Объект: TransferMoney[cardFromNumber=4324234324234324, cardFromValidTill=02/26, cardFromCVV=434, cardToNumber=4234234234234234, amount=Amount[value=34400, currency=RUR]], добавлен с номером операции: ec2574f4-7770-43da-99c1-0d877f715205
11:16:11.038 [http-nio-5500-exec-3] INFO  c.e.m.service.TransferServiceImpl - Запрос на перевод денежных средств направлен. Код операции: ec2574f4-7770-43da-99c1-0d877f715205
11:16:11.050 [http-nio-5500-exec-4] INFO  c.e.m.controller.TransferController - Post request on endpoint "/confirmOperation": TransferOperation[operationId=ec2574f4-7770-43da-99c1-0d877f715205, code=0000]
11:16:11.050 [http-nio-5500-exec-4] INFO  c.e.m.service.TransferServiceImpl - Транзакция успешно проведена! Код операции: ec2574f4-7770-43da-99c1-0d877f715205
11:18:46.763 [main] INFO  c.e.m.i.MoneyTransferServiceImplApplicationTests - Starting MoneyTransferServiceImplApplicationTests using Java 17.0.6 with PID 7968 (started by dmitrijvorobev in /Users/dmitrijvorobev/Desktop/Netology/MoneyTransferService)
11:18:46.767 [main] INFO  c.e.m.i.MoneyTransferServiceImplApplicationTests - No active profile set, falling back to 1 default profile: "default"
11:18:49.008 [main] INFO  o.a.catalina.core.StandardService - Starting service [Tomcat]
11:18:49.009 [main] INFO  o.a.catalina.core.StandardEngine - Starting Servlet engine: [Apache Tomcat/10.1.5]
11:18:49.101 [main] INFO  o.a.c.c.C.[Tomcat].[localhost].[/] - Initializing Spring embedded WebApplicationContext
11:18:50.492 [main] INFO  c.e.m.i.MoneyTransferServiceImplApplicationTests - Started MoneyTransferServiceImplApplicationTests in 4.351 seconds (process running for 11.798)
11:18:51.813 [main] INFO  c.e.m.s.TransferServiceImplTest - Running test
11:18:52.368 [main] INFO  c.e.m.service.TransferServiceImpl - Транзакция успешно проведена! Код операции: 1111
11:18:52.444 [main] INFO  c.e.m.service.TransferServiceImpl - Запрос на перевод денежных средств направлен. Код операции: 3e933b70-59e3-4b73-a386-f32a9a1cace3
11:18:52.569 [main] INFO  c.e.m.service.TransferServiceImpl - Транзакция успешно проведена! Код операции: 1111
11:18:52.597 [main] INFO  c.e.m.s.TransferServiceImplTest - Test completed
11:18:52.618 [main] INFO  c.e.m.v.ValidationServiceTest - Running test
11:18:52.628 [main] ERROR c.e.m.validation.ValidationService - Срок действия карты указан неверно!
11:18:52.634 [main] ERROR c.e.m.validation.ValidationService - Номер карты отправителя указан неверно!
11:18:52.639 [main] ERROR c.e.m.validation.ValidationService - Неверный код подтверждения: 0001
11:18:52.643 [main] ERROR c.e.m.validation.ValidationService - Сумма перевода указана некорректно!
11:18:52.650 [main] ERROR c.e.m.validation.ValidationService - Ошибка операции перевода!
11:18:52.653 [main] ERROR c.e.m.validation.ValidationService - Некорректный ID операции!
11:18:52.658 [main] ERROR c.e.m.validation.ValidationService - Ошибка подтверждения транзакции!
11:18:52.661 [main] ERROR c.e.m.validation.ValidationService - Ошибка операции перевода!
11:18:52.671 [main] ERROR c.e.m.validation.ValidationService - Номер карты получателя указан неверно!
11:18:52.677 [main] ERROR c.e.m.validation.ValidationService - CVV указан неверно!
11:18:52.680 [main] INFO  c.e.m.v.ValidationServiceTest - Test completed
13:04:01.832 [main] INFO  c.e.m.i.MoneyTransferServiceImplApplicationTests - Starting MoneyTransferServiceImplApplicationTests using Java 17.0.6 with PID 9838 (started by dmitrijvorobev in /Users/dmitrijvorobev/Desktop/Netology/MoneyTransferService)
13:04:01.838 [main] INFO  c.e.m.i.MoneyTransferServiceImplApplicationTests - No active profile set, falling back to 1 default profile: "default"
13:04:04.060 [main] INFO  o.a.catalina.core.StandardService - Starting service [Tomcat]
13:04:04.064 [main] INFO  o.a.catalina.core.StandardEngine - Starting Servlet engine: [Apache Tomcat/10.1.5]
13:04:04.169 [main] INFO  o.a.c.c.C.[Tomcat].[localhost].[/] - Initializing Spring embedded WebApplicationContext
13:04:05.521 [main] INFO  c.e.m.i.MoneyTransferServiceImplApplicationTests - Started MoneyTransferServiceImplApplicationTests in 4.293 seconds (process running for 27.762)
13:04:06.906 [main] INFO  c.e.m.s.TransferServiceImplTest - Running test
13:04:07.505 [main] INFO  c.e.m.service.TransferServiceImpl - Транзакция успешно проведена! Код операции: 1111
13:04:07.562 [main] INFO  c.e.m.service.TransferServiceImpl - Запрос на перевод денежных средств направлен. Код операции: 3e933b70-59e3-4b73-a386-f32a9a1cace3
13:04:07.666 [main] INFO  c.e.m.service.TransferServiceImpl - Транзакция успешно проведена! Код операции: 1111
13:04:07.687 [main] INFO  c.e.m.s.TransferServiceImplTest - Test completed
13:04:07.702 [main] INFO  c.e.m.v.ValidationServiceTest - Running test
13:04:07.712 [main] ERROR c.e.m.validation.ValidationService - Срок действия карты указан неверно!
13:04:07.719 [main] ERROR c.e.m.validation.ValidationService - Номер карты отправителя указан неверно!
13:04:07.723 [main] ERROR c.e.m.validation.ValidationService - Неверный код подтверждения: 0001
13:04:07.730 [main] ERROR c.e.m.validation.ValidationService - Сумма перевода указана некорректно!
13:04:07.737 [main] ERROR c.e.m.validation.ValidationService - Ошибка операции перевода!
13:04:07.742 [main] ERROR c.e.m.validation.ValidationService - Некорректный ID операции!
13:04:07.746 [main] ERROR c.e.m.validation.ValidationService - Ошибка подтверждения транзакции!
13:04:07.750 [main] ERROR c.e.m.validation.ValidationService - Ошибка операции перевода!
13:04:07.764 [main] ERROR c.e.m.validation.ValidationService - Номер карты получателя указан неверно!
13:04:07.771 [main] ERROR c.e.m.validation.ValidationService - CVV указан неверно!
13:04:07.772 [main] INFO  c.e.m.v.ValidationServiceTest - Test completed
